<?xml version="1.0" encoding="UTF-8"?>
<!-- Generated by org.testng.reporters.JUnitReportReporter -->
<testsuite hostname="Sonalis-MBP.fritz.box" failures="0" tests="2" name="com.qa.Tests.HomePageTest" time="14.449" errors="0" timestamp="09 Mar 2020 11:26:53 GMT" skipped="0">
  <testcase classname="com.qa.Tests.HomePageTest" name="verifyHomePageTitleTest" time="7.270"/>
  <testcase classname="com.qa.Tests.HomePageTest" name="clickSignInTest" time="7.179"/>
</testsuite> <!-- com.qa.Tests.HomePageTest -->
