<?xml version="1.0" encoding="UTF-8"?>
<!-- Generated by org.testng.reporters.JUnitReportReporter -->
<testsuite hostname="Sonalis-MBP.fritz.box" failures="0" tests="4" name="com.qa.Tests.Checkout" time="17.899" errors="0" timestamp="2020-03-12T15:06:59 CET" skipped="0">
  <testcase classname="com.qa.Tests.Checkout" name="proceedToCheckoutTest" time="14.798"/>
  <testcase classname="com.qa.Tests.Checkout" name="paymentTest" time="3.036"/>
  <testcase classname="com.qa.Tests.Checkout" name="verifyOrderConfirmPageTitleTest" time="0.047"/>
  <testcase classname="com.qa.Tests.Checkout" name="verifyLastPageOfOrder" time="0.018"/>
</testsuite> <!-- com.qa.Tests.Checkout -->
