<?xml version="1.0" encoding="UTF-8"?>
<!-- Generated by org.testng.reporters.JUnitReportReporter -->
<testsuite hostname="Sonalis-MBP.fritz.box" failures="0" tests="5" name="com.qa.Tests.SignIn" time="5.403" errors="0" timestamp="2020-03-12T14:26:19 CET" skipped="0">
  <testcase classname="com.qa.Tests.SignIn" name="verifyHomePageTitleTest" time="0.123"/>
  <testcase classname="com.qa.Tests.SignIn" name="verifyAccountPageTitleTest" time="1.590"/>
  <testcase classname="com.qa.Tests.SignIn" name="createAccountTest" time="0.392"/>
  <testcase classname="com.qa.Tests.SignIn" name="createNewAccountTest" time="3.285"/>
  <testcase classname="com.qa.Tests.SignIn" name="verifyMyAccountPageTitle" time="0.013"/>
</testsuite> <!-- com.qa.Tests.SignIn -->
