<?xml version="1.0" encoding="UTF-8"?>
<!-- Generated by org.testng.reporters.JUnitReportReporter -->
<testsuite hostname="Sonalis-MBP.fritz.box" failures="0" tests="4" name="com.qa.Tests.LogIn" time="6.170" errors="0" timestamp="2020-03-12T14:32:59 CET" skipped="0">
  <testcase classname="com.qa.Tests.LogIn" name="verifyHomePageTitleTest" time="0.135"/>
  <testcase classname="com.qa.Tests.LogIn" name="loginAppTest" time="5.895"/>
  <testcase classname="com.qa.Tests.LogIn" name="verifyMyAccountPageTitleTest_Login" time="0.012"/>
  <testcase classname="com.qa.Tests.LogIn" name="verifySignOutLinkTest" time="0.128"/>
</testsuite> <!-- com.qa.Tests.LogIn -->
